<?xml version="1.0" encoding="utf-8" standalone="yes"?>
<Events><Event xmlns='http://schemas.microsoft.com/win/2004/08/events/event'><System><Provider Name='Microsoft-Windows-TPM-WMI' Guid='{7d5387b0-cbe0-11da-a94d-0800200c9a66}'/><EventID>1801</EventID><Version>0</Version><Level>2</Level><Task>0</Task><Opcode>0</Opcode><Keywords>0x8000000000000000</Keywords><TimeCreated SystemTime='2025-11-29T13:34:34.5940269Z'/><EventRecordID>276111</EventRecordID><Correlation/><Execution ProcessID='2628' ThreadID='18000'/><Channel>System</Channel><Computer>PalinDell</Computer><Security UserID='S-1-5-18'/></System><EventData><Data Name='DeviceAttributes'>FirmwareManufacturer:Dell Inc.;FirmwareVersion:1.34.0;OEMManufacturerName:Dell Inc.;OEMModelSKU:0A11;OSArchitecture:amd64;</Data><Data Name='BucketId'>5a43d1b61d2335ee5a89c10bc7561b2a993643e2a88994afb9838c8ce4f66b78</Data><Data Name='BucketConfidenceLevel'></Data><Data Name='UpdateType'>0</Data><Data Name='HResult'>0</Data></EventData></Event><Event xmlns='http://schemas.microsoft.com/win/2004/08/events/event'><System><Provider Name='Microsoft-Windows-Host-Network-Service' Guid='{0c885e0d-6eb6-476c-a048-2457eed3a5c1}'/><EventID>1030</EventID><Version>0</Version><Level>2</Level><Task>0</Task><Opcode>0</Opcode><Keywords>0x8000000000000000</Keywords><TimeCreated SystemTime='2025-11-29T13:30:32.9789060Z'/><EventRecordID>2714</EventRecordID><Correlation/><Execution ProcessID='2156' ThreadID='3396'/><Channel>Microsoft-Windows-Host-Network-Service-Admin</Channel><Computer>PalinDell</Computer><Security UserID='S-1-5-18'/></System><EventData><Data Name='HResult'>0x80070032</Data><Data Name='API'>1</Data></EventData></Event><Event xmlns='http://schemas.microsoft.com/win/2004/08/events/event'><System><Provider Name='Microsoft-Windows-FilterManager' Guid='{f3c5e28e-63f6-49c7-a204-e48a1bc4b09d}'/><EventID>3</EventID><Version>0</Version><Level>2</Level><Task>0</Task><Opcode>0</Opcode><Keywords>0x8000000000000000</Keywords><TimeCreated SystemTime='2025-11-29T13:30:23.0878009Z'/><EventRecordID>275947</EventRecordID><Correlation/><Execution ProcessID='11272' ThreadID='14420'/><Channel>System</Channel><Computer>PalinDell</Computer><Security UserID='S-1-5-21-2263737040-3265828467-102852021-1001'/></System><EventData><Data Name='FinalStatus'>0xc03a001c</Data><Data Name='ExtraStringLength'>23</Data><Data Name='ExtraString'>\Device\HarddiskVolume7</Data></EventData></Event><Event xmlns='http://schemas.microsoft.com/win/2004/08/events/event'><System><Provider Name='Microsoft-Windows-Host-Network-Service' Guid='{0c885e0d-6eb6-476c-a048-2457eed3a5c1}'/><EventID>1030</EventID><Version>0</Version><Level>2</Level><Task>0</Task><Opcode>0</Opcode><Keywords>0x8000000000000000</Keywords><TimeCreated SystemTime='2025-11-29T13:30:21.2119585Z'/><EventRecordID>2711</EventRecordID><Correlation/><Execution ProcessID='2156' ThreadID='3316'/><Channel>Microsoft-Windows-Host-Network-Service-Admin</Channel><Computer>PalinDell</Computer><Security UserID='S-1-5-18'/></System><EventData><Data Name='HResult'>0x80070032</Data><Data Name='API'>1</Data></EventData></Event><Event xmlns='http://schemas.microsoft.com/win/2004/08/events/event'><System><Provider Name='Microsoft-Windows-CertificateServicesClient-CertEnroll' Guid='{54164045-7C50-4905-963F-E5BC1EEF0CCA}' EventSourceName='CertEnroll'/><EventID Qualifiers='49754'>86</EventID><Version>0</Version><Level>2</Level><Task>0</Task><Opcode>0</Opcode><Keywords>0x80000000000000</Keywords><TimeCreated SystemTime='2025-11-29T13:30:16.1571097Z'/><EventRecordID>131930</EventRecordID><Correlation/><Execution ProcessID='0' ThreadID='0'/><Channel>Application</Channel><Computer>PalinDell</Computer><Security UserID='S-1-5-18'/></System><EventData><Data Name='Context'>WORKGROUP\PALINDELL$</Data><Data Name='Url'>https://AMD-KeyId-8a0578cf56146fea399af903fb5b0ac36eb2786a.microsoftaik.azure.net/templates/Aik/scep</Data><Data Name='MessageText'>GetCACaps
GetCACaps: Not Found
{"Message":"The authority \"amd-keyid-8a0578cf56146fea399af903fb5b0ac36eb2786a.microsoftaik.azure.net\" does not exist."}
HTTP/1.1 404 Not Found
Date: Sat, 29 Nov 2025 13:30:13 GMT
Content-Length: 121
Content-Type: application/json; charset=utf-8
X-Content-Type-Options: nosniff
Strict-Transport-Security: max-age=31536000;includeSubDomains
x-ms-request-id: 2c578c4d-e11a-486f-a4b1-bcb910533045
</Data><Data Name='Method'>GET(484ms)</Data><Data Name='Stage'>GetCACaps</Data><Data Name='ErrorCode'>No encontrado (404). 0x80190194 (-2145844844 HTTP_E_STATUS_NOT_FOUND)</Data></EventData></Event><Event xmlns='http://schemas.microsoft.com/win/2004/08/events/event'><System><Provider Name='Microsoft-Windows-User Device Registration' Guid='{23b8d46b-67dd-40a3-b636-d43e50552c6d}'/><EventID>360</EventID><Version>0</Version><Level>3</Level><Task>0</Task><Opcode>0</Opcode><Keywords>0x8000000000000000</Keywords><TimeCreated SystemTime='2025-11-29T13:30:07.9228603Z'/><EventRecordID>310</EventRecordID><Correlation/><Execution ProcessID='11272' ThreadID='11520'/><Channel>Microsoft-Windows-User Device Registration/Admin</Channel><Computer>PalinDell</Computer><Security UserID='S-1-5-21-2263737040-3265828467-102852021-1001'/></System><EventData><Data Name='Message'>No se iniciará el aprovisionamiento de Windows Hello para empresas.</Data><Data Name='DeviceIsJoined'>Not Tested</Data><Data Name='AADPrt'>No</Data><Data Name='NgcPolicyEnabled'>Not Tested</Data><Data Name='NgcPostLogonProvisioningEnabled'>Not Tested</Data><Data Name='NgcHardwarePolicyMet'>Not Tested</Data><Data Name='UserIsRemote'>Yes</Data><Data Name='LogonCertRequired'>Not Tested</Data><Data Name='MachinePolicySource'>none</Data><Data Name='UseCloudTrust'>Not Tested</Data><Data Name='CloudTgt'>Not Tested</Data></EventData></Event><Event xmlns='http://schemas.microsoft.com/win/2004/08/events/event'><System><Provider Name='Microsoft-Windows-Host-Network-Service' Guid='{0c885e0d-6eb6-476c-a048-2457eed3a5c1}'/><EventID>1030</EventID><Version>0</Version><Level>2</Level><Task>0</Task><Opcode>0</Opcode><Keywords>0x8000000000000000</Keywords><TimeCreated SystemTime='2025-11-29T13:30:06.4471384Z'/><EventRecordID>2710</EventRecordID><Correlation/><Execution ProcessID='2156' ThreadID='3316'/><Channel>Microsoft-Windows-Host-Network-Service-Admin</Channel><Computer>PalinDell</Computer><Security UserID='S-1-5-18'/></System><EventData><Data Name='HResult'>0x80070032</Data><Data Name='API'>1</Data></EventData></Event><Event xmlns='http://schemas.microsoft.com/win/2004/08/events/event'><System><Provider Name='Microsoft-Windows-AppReadiness' Guid='{f0be35f8-237b-4814-86b5-ade51192e503}'/><EventID>214</EventID><Version>0</Version><Level>2</Level><Task>1</Task><Opcode>0</Opcode><Keywords>0x8000000000000002</Keywords><TimeCreated SystemTime='2025-11-29T13:30:04.9206447Z'/><EventRecordID>6121</EventRecordID><Correlation/><Execution ProcessID='11552' ThreadID='11628'/><Channel>Microsoft-Windows-AppReadiness/Admin</Channel><Computer>PalinDell</Computer><Security UserID='S-1-5-18'/></System><EventData><Data Name='User'>S-1-5-21-2263737040-3265828467-102852021-1001</Data><Data Name='Package'>DellInc.DellSupportAssistforPCs_htrsf667h5kn2</Data><Data Name='Operation'>1</Data><Data Name='Error'>-2147024894</Data><Data Name='Elapsed'>0.0453814</Data></EventData></Event><Event xmlns='http://schemas.microsoft.com/win/2004/08/events/event'><System><Provider Name='Microsoft-Windows-DistributedCOM' Guid='{1B562E86-B7AA-4131-BADC-B6F3A001407E}' EventSourceName='DCOM'/><EventID Qualifiers='0'>10016</EventID><Version>0</Version><Level>3</Level><Task>0</Task><Opcode>0</Opcode><Keywords>0x8080000000000000</Keywords><TimeCreated SystemTime='2025-11-29T13:30:02.3904781Z'/><EventRecordID>275931</EventRecordID><Correlation ActivityID='{63927124-1b6b-45fd-a5c7-28cb585797b5}'/><Execution ProcessID='1316' ThreadID='11192'/><Channel>System</Channel><Computer>PalinDell</Computer><Security UserID='S-1-5-19'/></System><EventData><Data Name='param1'>específico de la aplicación</Data><Data Name='param2'>Local</Data><Data Name='param3'>Activación</Data><Data Name='param4'>{6B3B8D23-FA8D-40B9-8DBD-B950333E2C52}</Data><Data Name='param5'>{4839DDB7-58C2-48F5-8283-E1D1807D0D7D}</Data><Data Name='param6'>NT AUTHORITY</Data><Data Name='param7'>LOCAL SERVICE</Data><Data Name='param8'>S-1-5-19</Data><Data Name='param9'>LocalHost (con LRPC)</Data><Data Name='param10'>No disponible</Data><Data Name='param11'>No disponible</Data></EventData></Event><Event xmlns='http://schemas.microsoft.com/win/2004/08/events/event'><System><Provider Name='Microsoft-Windows-DistributedCOM' Guid='{1B562E86-B7AA-4131-BADC-B6F3A001407E}' EventSourceName='DCOM'/><EventID Qualifiers='0'>10016</EventID><Version>0</Version><Level>3</Level><Task>0</Task><Opcode>0</Opcode><Keywords>0x8080000000000000</Keywords><TimeCreated SystemTime='2025-11-29T13:30:02.3904781Z'/><EventRecordID>275930</EventRecordID><Correlation ActivityID='{32c98121-0a71-4a25-864d-f81fedd95f96}'/><Execution ProcessID='1316' ThreadID='4156'/><Channel>System</Channel><Computer>PalinDell</Computer><Security UserID='S-1-5-19'/></System><EventData><Data Name='param1'>específico de la aplicación</Data><Data Name='param2'>Local</Data><Data Name='param3'>Activación</Data><Data Name='param4'>{6B3B8D23-FA8D-40B9-8DBD-B950333E2C52}</Data><Data Name='param5'>{4839DDB7-58C2-48F5-8283-E1D1807D0D7D}</Data><Data Name='param6'>NT AUTHORITY</Data><Data Name='param7'>LOCAL SERVICE</Data><Data Name='param8'>S-1-5-19</Data><Data Name='param9'>LocalHost (con LRPC)</Data><Data Name='param10'>No disponible</Data><Data Name='param11'>No disponible</Data></EventData></Event><Event xmlns='http://schemas.microsoft.com/win/2004/08/events/event'><System><Provider Name='Server'/><EventID Qualifiers='32768'>2511</EventID><Version>0</Version><Level>3</Level><Task>0</Task><Opcode>0</Opcode><Keywords>0x80000000000000</Keywords><TimeCreated SystemTime='2025-11-29T13:29:37.4193232Z'/><EventRecordID>275922</EventRecordID><Correlation/><Execution ProcessID='0' ThreadID='0'/><Channel>System</Channel><Computer>PalinDell</Computer><Security/></System><EventData><Data>CursoCFP8</Data><Data>D:\Software\CursoCFP8</Data></EventData></Event><Event xmlns='http://schemas.microsoft.com/win/2004/08/events/event'><System><Provider Name='rt640x64'/><EventID Qualifiers='32768'>1</EventID><Version>0</Version><Level>3</Level><Task>0</Task><Opcode>0</Opcode><Keywords>0x80000000000000</Keywords><TimeCreated SystemTime='2025-11-29T13:29:28.6535820Z'/><EventRecordID>275894</EventRecordID><Correlation/><Execution ProcessID='4' ThreadID='76'/><Channel>System</Channel><Computer>PalinDell</Computer><Security/></System><EventData><Data>\Device\NDMP3</Data><Data>Realtek PCIe FE Family Controller</Data><Binary>00000000020030000000000001000080000000000000000000000000000000000000000000000000</Binary></EventData></Event><Event xmlns='http://schemas.microsoft.com/win/2004/08/events/event'><System><Provider Name='Microsoft-Windows-Perflib' Guid='{13b197bd-7cee-4b4e-8dd0-59314ce374ce}'/><EventID>1008</EventID><Version>1</Version><Level>3</Level><Task>0</Task><Opcode>0</Opcode><Keywords>0x8000000000000000</Keywords><TimeCreated SystemTime='2025-11-29T13:28:28.7971188Z'/><EventRecordID>131919</EventRecordID><Correlation/><Execution ProcessID='12032' ThreadID='17892'/><Channel>Application</Channel><Computer>PalinDell</Computer><Security UserID='S-1-5-18'/></System><EventData><Data Name='Service'>WmiApRpl</Data><Data Name='Library'>C:\Windows\system32\wbem\wmiaprpl.dll</Data><Data Name='Win32Error'>21</Data></EventData></Event><Event xmlns='http://schemas.microsoft.com/win/2004/08/events/event'><System><Provider Name='Microsoft-Windows-Perflib' Guid='{13b197bd-7cee-4b4e-8dd0-59314ce374ce}'/><EventID>1008</EventID><Version>1</Version><Level>3</Level><Task>0</Task><Opcode>0</Opcode><Keywords>0x8000000000000000</Keywords><TimeCreated SystemTime='2025-11-29T13:28:28.6589193Z'/><EventRecordID>131917</EventRecordID><Correlation/><Execution ProcessID='12032' ThreadID='17892'/><Channel>Application</Channel><Computer>PalinDell</Computer><Security UserID='S-1-5-18'/></System><EventData><Data Name='Service'>MSDTC</Data><Data Name='Library'>C:\Windows\system32\msdtcuiu.DLL</Data><Data Name='Win32Error'>2147943515</Data></EventData></Event><Event xmlns='http://schemas.microsoft.com/win/2004/08/events/event'><System><Provider Name='Microsoft-Windows-MSDTC Client 2' Guid='{155CB334-3D7F-4ff1-B107-DF8AFC3C0363}' EventSourceName='MSDTC Client 2'/><EventID Qualifiers='16384'>4104</EventID><Version>0</Version><Level>2</Level><Task>14</Task><Opcode>0</Opcode><Keywords>0x80000000000000</Keywords><TimeCreated SystemTime='2025-11-29T13:28:28.6180780Z'/><EventRecordID>131916</EventRecordID><Correlation/><Execution ProcessID='0' ThreadID='0'/><Channel>Application</Channel><Computer>PalinDell</Computer><Security/></System><EventData><Data Name='param1'></Data><Data Name='param2'>0x8007045B</Data></EventData></Event><Event xmlns='http://schemas.microsoft.com/win/2004/08/events/event'><System><Provider Name='Microsoft-Windows-DistributedCOM' Guid='{1B562E86-B7AA-4131-BADC-B6F3A001407E}' EventSourceName='DCOM'/><EventID Qualifiers='0'>10005</EventID><Version>0</Version><Level>2</Level><Task>0</Task><Opcode>0</Opcode><Keywords>0x8080000000000000</Keywords><TimeCreated SystemTime='2025-11-29T13:28:23.3903880Z'/><EventRecordID>275821</EventRecordID><Correlation ActivityID='{004e7c7b-0ba6-4973-8e4f-3ea3fbebeeaf}'/><Execution ProcessID='1200' ThreadID='4360'/><Channel>System</Channel><Computer>PalinDell</Computer><Security UserID='S-1-5-18'/></System><EventData><Data Name='param1'>1115</Data><Data Name='param2'>BITS</Data><Data Name='param3'>No disponible</Data><Data Name='param4'>{4991D34B-80A1-4291-83B6-3328366B9097}</Data></EventData></Event><Event xmlns='http://schemas.microsoft.com/win/2004/08/events/event'><System><Provider Name='Microsoft-Windows-DistributedCOM' Guid='{1B562E86-B7AA-4131-BADC-B6F3A001407E}' EventSourceName='DCOM'/><EventID Qualifiers='0'>10005</EventID><Version>0</Version><Level>2</Level><Task>0</Task><Opcode>0</Opcode><Keywords>0x8080000000000000</Keywords><TimeCreated SystemTime='2025-11-29T13:28:23.1662931Z'/><EventRecordID>275820</EventRecordID><Correlation ActivityID='{bfdf1030-cff7-4ade-b91c-3e52e88e5e7a}'/><Execution ProcessID='1200' ThreadID='4360'/><Channel>System</Channel><Computer>PalinDell</Computer><Security UserID='S-1-5-18'/></System><EventData><Data Name='param1'>1115</Data><Data Name='param2'>BITS</Data><Data Name='param3'>No disponible</Data><Data Name='param4'>{4991D34B-80A1-4291-83B6-3328366B9097}</Data></EventData></Event><Event xmlns='http://schemas.microsoft.com/win/2004/08/events/event'><System><Provider Name='Microsoft-Windows-DistributedCOM' Guid='{1B562E86-B7AA-4131-BADC-B6F3A001407E}' EventSourceName='DCOM'/><EventID Qualifiers='0'>10005</EventID><Version>0</Version><Level>2</Level><Task>0</Task><Opcode>0</Opcode><Keywords>0x8080000000000000</Keywords><TimeCreated SystemTime='2025-11-29T13:28:22.9370337Z'/><EventRecordID>275819</EventRecordID><Correlation ActivityID='{77922d68-5569-4458-af47-7c4ab39d3f50}'/><Execution ProcessID='1200' ThreadID='4360'/><Channel>System</Channel><Computer>PalinDell</Computer><Security UserID='S-1-5-18'/></System><EventData><Data Name='param1'>1115</Data><Data Name='param2'>BITS</Data><Data Name='param3'>No disponible</Data><Data Name='param4'>{4991D34B-80A1-4291-83B6-3328366B9097}</Data></EventData></Event><Event xmlns='http://schemas.microsoft.com/win/2004/08/events/event'><System><Provider Name='Microsoft-Windows-DistributedCOM' Guid='{1B562E86-B7AA-4131-BADC-B6F3A001407E}' EventSourceName='DCOM'/><EventID Qualifiers='0'>10005</EventID><Version>0</Version><Level>2</Level><Task>0</Task><Opcode>0</Opcode><Keywords>0x8080000000000000</Keywords><TimeCreated SystemTime='2025-11-29T13:28:22.6844439Z'/><EventRecordID>275818</EventRecordID><Correlation ActivityID='{050a8d65-d3cb-4a21-8144-1966021aca6e}'/><Execution ProcessID='1200' ThreadID='4360'/><Channel>System</Channel><Computer>PalinDell</Computer><Security UserID='S-1-5-18'/></System><EventData><Data Name='param1'>1115</Data><Data Name='param2'>BITS</Data><Data Name='param3'>No disponible</Data><Data Name='param4'>{4991D34B-80A1-4291-83B6-3328366B9097}</Data></EventData></Event><Event xmlns='http://schemas.microsoft.com/win/2004/08/events/event'><System><Provider Name='Microsoft-Windows-DistributedCOM' Guid='{1B562E86-B7AA-4131-BADC-B6F3A001407E}' EventSourceName='DCOM'/><EventID Qualifiers='0'>10005</EventID><Version>0</Version><Level>2</Level><Task>0</Task><Opcode>0</Opcode><Keywords>0x8080000000000000</Keywords><TimeCreated SystemTime='2025-11-29T13:28:22.4229044Z'/><EventRecordID>275817</EventRecordID><Correlation ActivityID='{e722e8d4-d557-4edd-b45a-494fcdb771ee}'/><Execution ProcessID='1200' ThreadID='4360'/><Channel>System</Channel><Computer>PalinDell</Computer><Security UserID='S-1-5-18'/></System><EventData><Data Name='param1'>1115</Data><Data Name='param2'>BITS</Data><Data Name='param3'>No disponible</Data><Data Name='param4'>{4991D34B-80A1-4291-83B6-3328366B9097}</Data></EventData></Event><Event xmlns='http://schemas.microsoft.com/win/2004/08/events/event'><System><Provider Name='Microsoft-Windows-DistributedCOM' Guid='{1B562E86-B7AA-4131-BADC-B6F3A001407E}' EventSourceName='DCOM'/><EventID Qualifiers='0'>10005</EventID><Version>0</Version><Level>2</Level><Task>0</Task><Opcode>0</Opcode><Keywords>0x8080000000000000</Keywords><TimeCreated SystemTime='2025-11-29T13:28:22.1766712Z'/><EventRecordID>275816</EventRecordID><Correlation ActivityID='{387d7e30-5bd0-4492-8ced-3b7f09b40420}'/><Execution ProcessID='1200' ThreadID='4360'/><Channel>System</Channel><Computer>PalinDell</Computer><Security UserID='S-1-5-18'/></System><EventData><Data Name='param1'>1115</Data><Data Name='param2'>BITS</Data><Data Name='param3'>No disponible</Data><Data Name='param4'>{4991D34B-80A1-4291-83B6-3328366B9097}</Data></EventData></Event><Event xmlns='http://schemas.microsoft.com/win/2004/08/events/event'><System><Provider Name='Microsoft-Windows-DistributedCOM' Guid='{1B562E86-B7AA-4131-BADC-B6F3A001407E}' EventSourceName='DCOM'/><EventID Qualifiers='0'>10005</EventID><Version>0</Version><Level>2</Level><Task>0</Task><Opcode>0</Opcode><Keywords>0x8080000000000000</Keywords><TimeCreated SystemTime='2025-11-29T13:28:21.9267189Z'/><EventRecordID>275815</EventRecordID><Correlation ActivityID='{25073480-783e-40da-a363-2bf4a2387a10}'/><Execution ProcessID='1200' ThreadID='4360'/><Channel>System</Channel><Computer>PalinDell</Computer><Security UserID='S-1-5-18'/></System><EventData><Data Name='param1'>1115</Data><Data Name='param2'>BITS</Data><Data Name='param3'>No disponible</Data><Data Name='param4'>{4991D34B-80A1-4291-83B6-3328366B9097}</Data></EventData></Event><Event xmlns='http://schemas.microsoft.com/win/2004/08/events/event'><System><Provider Name='Microsoft-Windows-DistributedCOM' Guid='{1B562E86-B7AA-4131-BADC-B6F3A001407E}' EventSourceName='DCOM'/><EventID Qualifiers='0'>10005</EventID><Version>0</Version><Level>2</Level><Task>0</Task><Opcode>0</Opcode><Keywords>0x8080000000000000</Keywords><TimeCreated SystemTime='2025-11-29T13:28:21.6865489Z'/><EventRecordID>275814</EventRecordID><Correlation ActivityID='{e8c43e3e-3596-4a53-8f9d-c86a66b92c27}'/><Execution ProcessID='1200' ThreadID='4360'/><Channel>System</Channel><Computer>PalinDell</Computer><Security UserID='S-1-5-18'/></System><EventData><Data Name='param1'>1115</Data><Data Name='param2'>BITS</Data><Data Name='param3'>No disponible</Data><Data Name='param4'>{4991D34B-80A1-4291-83B6-3328366B9097}</Data></EventData></Event><Event xmlns='http://schemas.microsoft.com/win/2004/08/events/event'><System><Provider Name='Microsoft-Windows-DistributedCOM' Guid='{1B562E86-B7AA-4131-BADC-B6F3A001407E}' EventSourceName='DCOM'/><EventID Qualifiers='0'>10005</EventID><Version>0</Version><Level>2</Level><Task>0</Task><Opcode>0</Opcode><Keywords>0x8080000000000000</Keywords><TimeCreated SystemTime='2025-11-29T13:28:21.4252303Z'/><EventRecordID>275813</EventRecordID><Correlation ActivityID='{43d3f7ff-e348-4656-a8ef-08f0dade36cd}'/><Execution ProcessID='1200' ThreadID='4360'/><Channel>System</Channel><Computer>PalinDell</Computer><Security UserID='S-1-5-18'/></System><EventData><Data Name='param1'>1115</Data><Data Name='param2'>BITS</Data><Data Name='param3'>No disponible</Data><Data Name='param4'>{4991D34B-80A1-4291-83B6-3328366B9097}</Data></EventData></Event><Event xmlns='http://schemas.microsoft.com/win/2004/08/events/event'><System><Provider Name='Microsoft-Windows-DistributedCOM' Guid='{1B562E86-B7AA-4131-BADC-B6F3A001407E}' EventSourceName='DCOM'/><EventID Qualifiers='0'>10005</EventID><Version>0</Version><Level>2</Level><Task>0</Task><Opcode>0</Opcode><Keywords>0x8080000000000000</Keywords><TimeCreated SystemTime='2025-11-29T13:28:21.1880546Z'/><EventRecordID>275812</EventRecordID><Correlation ActivityID='{9aa155fa-6170-490a-968c-8096287f0326}'/><Execution ProcessID='1200' ThreadID='4360'/><Channel>System</Channel><Computer>PalinDell</Computer><Security UserID='S-1-5-18'/></System><EventData><Data Name='param1'>1115</Data><Data Name='param2'>BITS</Data><Data Name='param3'>No disponible</Data><Data Name='param4'>{4991D34B-80A1-4291-83B6-3328366B9097}</Data></EventData></Event><Event xmlns='http://schemas.microsoft.com/win/2004/08/events/event'><System><Provider Name='Microsoft-Windows-DistributedCOM' Guid='{1B562E86-B7AA-4131-BADC-B6F3A001407E}' EventSourceName='DCOM'/><EventID Qualifiers='0'>10005</EventID><Version>0</Version><Level>2</Level><Task>0</Task><Opcode>0</Opcode><Keywords>0x8080000000000000</Keywords><TimeCreated SystemTime='2025-11-29T13:28:20.9291472Z'/><EventRecordID>275811</EventRecordID><Correlation ActivityID='{1f3726e6-22a8-444a-86a5-b35b88ba1b73}'/><Execution ProcessID='1200' ThreadID='4360'/><Channel>System</Channel><Computer>PalinDell</Computer><Security UserID='S-1-5-18'/></System><EventData><Data Name='param1'>1115</Data><Data Name='param2'>BITS</Data><Data Name='param3'>No disponible</Data><Data Name='param4'>{4991D34B-80A1-4291-83B6-3328366B9097}</Data></EventData></Event><Event xmlns='http://schemas.microsoft.com/win/2004/08/events/event'><System><Provider Name='Microsoft-Windows-DistributedCOM' Guid='{1B562E86-B7AA-4131-BADC-B6F3A001407E}' EventSourceName='DCOM'/><EventID Qualifiers='0'>10005</EventID><Version>0</Version><Level>2</Level><Task>0</Task><Opcode>0</Opcode><Keywords>0x8080000000000000</Keywords><TimeCreated SystemTime='2025-11-29T13:28:20.6570712Z'/><EventRecordID>275810</EventRecordID><Correlation ActivityID='{a0bb6200-4218-4697-9464-1a8bfe085d0e}'/><Execution ProcessID='1200' ThreadID='4360'/><Channel>System</Channel><Computer>PalinDell</Computer><Security UserID='S-1-5-18'/></System><EventData><Data Name='param1'>1115</Data><Data Name='param2'>BITS</Data><Data Name='param3'>No disponible</Data><Data Name='param4'>{4991D34B-80A1-4291-83B6-3328366B9097}</Data></EventData></Event><Event xmlns='http://schemas.microsoft.com/win/2004/08/events/event'><System><Provider Name='Microsoft-Windows-DistributedCOM' Guid='{1B562E86-B7AA-4131-BADC-B6F3A001407E}' EventSourceName='DCOM'/><EventID Qualifiers='0'>10005</EventID><Version>0</Version><Level>2</Level><Task>0</Task><Opcode>0</Opcode><Keywords>0x8080000000000000</Keywords><TimeCreated SystemTime='2025-11-29T13:28:20.3974620Z'/><EventRecordID>275809</EventRecordID><Correlation ActivityID='{d7b59502-daab-4d42-82f1-521a96f7ec0e}'/><Execution ProcessID='1200' ThreadID='4360'/><Channel>System</Channel><Computer>PalinDell</Computer><Security UserID='S-1-5-18'/></System><EventData><Data Name='param1'>1115</Data><Data Name='param2'>BITS</Data><Data Name='param3'>No disponible</Data><Data Name='param4'>{4991D34B-80A1-4291-83B6-3328366B9097}</Data></EventData></Event><Event xmlns='http://schemas.microsoft.com/win/2004/08/events/event'><System><Provider Name='Microsoft-Windows-DistributedCOM' Guid='{1B562E86-B7AA-4131-BADC-B6F3A001407E}' EventSourceName='DCOM'/><EventID Qualifiers='0'>10005</EventID><Version>0</Version><Level>2</Level><Task>0</Task><Opcode>0</Opcode><Keywords>0x8080000000000000</Keywords><TimeCreated SystemTime='2025-11-29T13:28:20.1411086Z'/><EventRecordID>275808</EventRecordID><Correlation ActivityID='{b7b711e6-eb17-47ce-8829-a1578950b6de}'/><Execution ProcessID='1200' ThreadID='4360'/><Channel>System</Channel><Computer>PalinDell</Computer><Security UserID='S-1-5-18'/></System><EventData><Data Name='param1'>1115</Data><Data Name='param2'>BITS</Data><Data Name='param3'>No disponible</Data><Data Name='param4'>{4991D34B-80A1-4291-83B6-3328366B9097}</Data></EventData></Event><Event xmlns='http://schemas.microsoft.com/win/2004/08/events/event'><System><Provider Name='Microsoft-Windows-DistributedCOM' Guid='{1B562E86-B7AA-4131-BADC-B6F3A001407E}' EventSourceName='DCOM'/><EventID Qualifiers='0'>10005</EventID><Version>0</Version><Level>2</Level><Task>0</Task><Opcode>0</Opcode><Keywords>0x8080000000000000</Keywords><TimeCreated SystemTime='2025-11-29T13:28:19.8835123Z'/><EventRecordID>275807</EventRecordID><Correlation ActivityID='{678a3858-5b4a-441e-a2b9-52bb24432869}'/><Execution ProcessID='1200' ThreadID='4360'/><Channel>System</Channel><Computer>PalinDell</Computer><Security UserID='S-1-5-18'/></System><EventData><Data Name='param1'>1115</Data><Data Name='param2'>BITS</Data><Data Name='param3'>No disponible</Data><Data Name='param4'>{4991D34B-80A1-4291-83B6-3328366B9097}</Data></EventData></Event><Event xmlns='http://schemas.microsoft.com/win/2004/08/events/event'><System><Provider Name='Microsoft-Windows-DistributedCOM' Guid='{1B562E86-B7AA-4131-BADC-B6F3A001407E}' EventSourceName='DCOM'/><EventID Qualifiers='0'>10005</EventID><Version>0</Version><Level>2</Level><Task>0</Task><Opcode>0</Opcode><Keywords>0x8080000000000000</Keywords><TimeCreated SystemTime='2025-11-29T13:28:19.6112486Z'/><EventRecordID>275806</EventRecordID><Correlation ActivityID='{0594484d-6232-4306-a4aa-6cc92f40c44a}'/><Execution ProcessID='1200' ThreadID='4360'/><Channel>System</Channel><Computer>PalinDell</Computer><Security UserID='S-1-5-18'/></System><EventData><Data Name='param1'>1115</Data><Data Name='param2'>BITS</Data><Data Name='param3'>No disponible</Data><Data Name='param4'>{4991D34B-80A1-4291-83B6-3328366B9097}</Data></EventData></Event><Event xmlns='http://schemas.microsoft.com/win/2004/08/events/event'><System><Provider Name='Microsoft-Windows-DistributedCOM' Guid='{1B562E86-B7AA-4131-BADC-B6F3A001407E}' EventSourceName='DCOM'/><EventID Qualifiers='0'>10005</EventID><Version>0</Version><Level>2</Level><Task>0</Task><Opcode>0</Opcode><Keywords>0x8080000000000000</Keywords><TimeCreated SystemTime='2025-11-29T13:28:19.3390073Z'/><EventRecordID>275805</EventRecordID><Correlation ActivityID='{99d391cb-753d-4d3f-8452-a89c53e08f91}'/><Execution ProcessID='1200' ThreadID='4360'/><Channel>System</Channel><Computer>PalinDell</Computer><Security UserID='S-1-5-18'/></System><EventData><Data Name='param1'>1115</Data><Data Name='param2'>BITS</Data><Data Name='param3'>No disponible</Data><Data Name='param4'>{4991D34B-80A1-4291-83B6-3328366B9097}</Data></EventData></Event><Event xmlns='http://schemas.microsoft.com/win/2004/08/events/event'><System><Provider Name='Microsoft-Windows-DistributedCOM' Guid='{1B562E86-B7AA-4131-BADC-B6F3A001407E}' EventSourceName='DCOM'/><EventID Qualifiers='0'>10005</EventID><Version>0</Version><Level>2</Level><Task>0</Task><Opcode>0</Opcode><Keywords>0x8080000000000000</Keywords><TimeCreated SystemTime='2025-11-29T13:28:19.0674117Z'/><EventRecordID>275804</EventRecordID><Correlation ActivityID='{cc9a1022-6939-4285-a6a9-a7f034c24148}'/><Execution ProcessID='1200' ThreadID='4360'/><Channel>System</Channel><Computer>PalinDell</Computer><Security UserID='S-1-5-18'/></System><EventData><Data Name='param1'>1115</Data><Data Name='param2'>BITS</Data><Data Name='param3'>No disponible</Data><Data Name='param4'>{4991D34B-80A1-4291-83B6-3328366B9097}</Data></EventData></Event><Event xmlns='http://schemas.microsoft.com/win/2004/08/events/event'><System><Provider Name='Microsoft-Windows-DistributedCOM' Guid='{1B562E86-B7AA-4131-BADC-B6F3A001407E}' EventSourceName='DCOM'/><EventID Qualifiers='0'>10005</EventID><Version>0</Version><Level>2</Level><Task>0</Task><Opcode>0</Opcode><Keywords>0x8080000000000000</Keywords><TimeCreated SystemTime='2025-11-29T13:28:18.8124424Z'/><EventRecordID>275803</EventRecordID><Correlation ActivityID='{c9cc78a9-dc9d-4542-84a9-7424f896e977}'/><Execution ProcessID='1200' ThreadID='4360'/><Channel>System</Channel><Computer>PalinDell</Computer><Security UserID='S-1-5-18'/></System><EventData><Data Name='param1'>1115</Data><Data Name='param2'>BITS</Data><Data Name='param3'>No disponible</Data><Data Name='param4'>{4991D34B-80A1-4291-83B6-3328366B9097}</Data></EventData></Event><Event xmlns='http://schemas.microsoft.com/win/2004/08/events/event'><System><Provider Name='Microsoft-Windows-DistributedCOM' Guid='{1B562E86-B7AA-4131-BADC-B6F3A001407E}' EventSourceName='DCOM'/><EventID Qualifiers='0'>10005</EventID><Version>0</Version><Level>2</Level><Task>0</Task><Opcode>0</Opcode><Keywords>0x8080000000000000</Keywords><TimeCreated SystemTime='2025-11-29T13:28:18.5602607Z'/><EventRecordID>275802</EventRecordID><Correlation ActivityID='{d5f77d84-3073-493a-9945-278c79bf8eb3}'/><Execution ProcessID='1200' ThreadID='4360'/><Channel>System</Channel><Computer>PalinDell</Computer><Security UserID='S-1-5-18'/></System><EventData><Data Name='param1'>1115</Data><Data Name='param2'>BITS</Data><Data Name='param3'>No disponible</Data><Data Name='param4'>{4991D34B-80A1-4291-83B6-3328366B9097}</Data></EventData></Event><Event xmlns='http://schemas.microsoft.com/win/2004/08/events/event'><System><Provider Name='Microsoft-Windows-DistributedCOM' Guid='{1B562E86-B7AA-4131-BADC-B6F3A001407E}' EventSourceName='DCOM'/><EventID Qualifiers='0'>10005</EventID><Version>0</Version><Level>2</Level><Task>0</Task><Opcode>0</Opcode><Keywords>0x8080000000000000</Keywords><TimeCreated SystemTime='2025-11-29T13:28:18.2806309Z'/><EventRecordID>275801</EventRecordID><Correlation ActivityID='{35e4bae4-99e5-409c-bd4e-b404a4a92ce8}'/><Execution ProcessID='1200' ThreadID='816'/><Channel>System</Channel><Computer>PalinDell</Computer><Security UserID='S-1-5-18'/></System><EventData><Data Name='param1'>1115</Data><Data Name='param2'>BITS</Data><Data Name='param3'>No disponible</Data><Data Name='param4'>{4991D34B-80A1-4291-83B6-3328366B9097}</Data></EventData></Event><Event xmlns='http://schemas.microsoft.com/win/2004/08/events/event'><System><Provider Name='Microsoft-Windows-DistributedCOM' Guid='{1B562E86-B7AA-4131-BADC-B6F3A001407E}' EventSourceName='DCOM'/><EventID Qualifiers='0'>10005</EventID><Version>0</Version><Level>2</Level><Task>0</Task><Opcode>0</Opcode><Keywords>0x8080000000000000</Keywords><TimeCreated SystemTime='2025-11-29T13:28:18.0280294Z'/><EventRecordID>275800</EventRecordID><Correlation ActivityID='{02116a64-5fdb-4c1d-a7c6-1a501e231122}'/><Execution ProcessID='1200' ThreadID='816'/><Channel>System</Channel><Computer>PalinDell</Computer><Security UserID='S-1-5-18'/></System><EventData><Data Name='param1'>1115</Data><Data Name='param2'>BITS</Data><Data Name='param3'>No disponible</Data><Data Name='param4'>{4991D34B-80A1-4291-83B6-3328366B9097}</Data></EventData></Event><Event xmlns='http://schemas.microsoft.com/win/2004/08/events/event'><System><Provider Name='Microsoft-Windows-DistributedCOM' Guid='{1B562E86-B7AA-4131-BADC-B6F3A001407E}' EventSourceName='DCOM'/><EventID Qualifiers='0'>10005</EventID><Version>0</Version><Level>2</Level><Task>0</Task><Opcode>0</Opcode><Keywords>0x8080000000000000</Keywords><TimeCreated SystemTime='2025-11-29T13:28:17.7533494Z'/><EventRecordID>275799</EventRecordID><Correlation ActivityID='{ded0520d-b014-4062-b835-915499a57d83}'/><Execution ProcessID='1200' ThreadID='816'/><Channel>System</Channel><Computer>PalinDell</Computer><Security UserID='S-1-5-18'/></System><EventData><Data Name='param1'>1115</Data><Data Name='param2'>BITS</Data><Data Name='param3'>No disponible</Data><Data Name='param4'>{4991D34B-80A1-4291-83B6-3328366B9097}</Data></EventData></Event><Event xmlns='http://schemas.microsoft.com/win/2004/08/events/event'><System><Provider Name='Microsoft-Windows-DistributedCOM' Guid='{1B562E86-B7AA-4131-BADC-B6F3A001407E}' EventSourceName='DCOM'/><EventID Qualifiers='0'>10005</EventID><Version>0</Version><Level>2</Level><Task>0</Task><Opcode>0</Opcode><Keywords>0x8080000000000000</Keywords><TimeCreated SystemTime='2025-11-29T13:28:17.4633297Z'/><EventRecordID>275798</EventRecordID><Correlation ActivityID='{c53be1e6-6d6e-45a7-866a-de4e8f300e51}'/><Execution ProcessID='1200' ThreadID='816'/><Channel>System</Channel><Computer>PalinDell</Computer><Security UserID='S-1-5-18'/></System><EventData><Data Name='param1'>1115</Data><Data Name='param2'>BITS</Data><Data Name='param3'>No disponible</Data><Data Name='param4'>{4991D34B-80A1-4291-83B6-3328366B9097}</Data></EventData></Event><Event xmlns='http://schemas.microsoft.com/win/2004/08/events/event'><System><Provider Name='Microsoft-Windows-DistributedCOM' Guid='{1B562E86-B7AA-4131-BADC-B6F3A001407E}' EventSourceName='DCOM'/><EventID Qualifiers='0'>10005</EventID><Version>0</Version><Level>2</Level><Task>0</Task><Opcode>0</Opcode><Keywords>0x8080000000000000</Keywords><TimeCreated SystemTime='2025-11-29T13:28:17.2077262Z'/><EventRecordID>275797</EventRecordID><Correlation ActivityID='{9399fd06-8068-44b8-bee5-e64f2d6bf74b}'/><Execution ProcessID='1200' ThreadID='816'/><Channel>System</Channel><Computer>PalinDell</Computer><Security UserID='S-1-5-18'/></System><EventData><Data Name='param1'>1115</Data><Data Name='param2'>BITS</Data><Data Name='param3'>No disponible</Data><Data Name='param4'>{4991D34B-80A1-4291-83B6-3328366B9097}</Data></EventData></Event><Event xmlns='http://schemas.microsoft.com/win/2004/08/events/event'><System><Provider Name='Microsoft-Windows-Perflib' Guid='{13b197bd-7cee-4b4e-8dd0-59314ce374ce}'/><EventID>1008</EventID><Version>1</Version><Level>3</Level><Task>0</Task><Opcode>0</Opcode><Keywords>0x8000000000000000</Keywords><TimeCreated SystemTime='2025-11-29T13:28:16.9547949Z'/><EventRecordID>131915</EventRecordID><Correlation/><Execution ProcessID='12032' ThreadID='17892'/><Channel>Application</Channel><Computer>PalinDell</Computer><Security UserID='S-1-5-18'/></System><EventData><Data Name='Service'>BITS</Data><Data Name='Library'>C:\Windows\System32\bitsperf.dll</Data><Data Name='Win32Error'>1359</Data></EventData></Event><Event xmlns='http://schemas.microsoft.com/win/2004/08/events/event'><System><Provider Name='Microsoft-Windows-DistributedCOM' Guid='{1B562E86-B7AA-4131-BADC-B6F3A001407E}' EventSourceName='DCOM'/><EventID Qualifiers='0'>10005</EventID><Version>0</Version><Level>2</Level><Task>0</Task><Opcode>0</Opcode><Keywords>0x8080000000000000</Keywords><TimeCreated SystemTime='2025-11-29T13:28:16.9491570Z'/><EventRecordID>275796</EventRecordID><Correlation ActivityID='{9d70af46-c81f-4ac5-b066-ee07a8a6a285}'/><Execution ProcessID='1200' ThreadID='816'/><Channel>System</Channel><Computer>PalinDell</Computer><Security UserID='S-1-5-18'/></System><EventData><Data Name='param1'>1115</Data><Data Name='param2'>BITS</Data><Data Name='param3'>No disponible</Data><Data Name='param4'>{4991D34B-80A1-4291-83B6-3328366B9097}</Data></EventData></Event><Event xmlns='http://schemas.microsoft.com/win/2004/08/events/event'><System><Provider Name='MariaDB'/><EventID Qualifiers='49152'>100</EventID><Version>0</Version><Level>3</Level><Task>0</Task><Opcode>0</Opcode><Keywords>0x80000000000000</Keywords><TimeCreated SystemTime='2025-11-29T13:27:43.3700212Z'/><EventRecordID>131911</EventRecordID><Correlation/><Execution ProcessID='0' ThreadID='0'/><Channel>Application</Channel><Computer>PalinDell</Computer><Security/></System><EventData><Data>Aborted connection 250 to db: 'tif_escuela' user: 'cfp8' host: 'localhost' (Got an error reading communication packets)

</Data></EventData></Event><Event xmlns='http://schemas.microsoft.com/win/2004/08/events/event'><System><Provider Name='MariaDB'/><EventID Qualifiers='49152'>100</EventID><Version>0</Version><Level>3</Level><Task>0</Task><Opcode>0</Opcode><Keywords>0x80000000000000</Keywords><TimeCreated SystemTime='2025-11-29T13:27:43.3690229Z'/><EventRecordID>131910</EventRecordID><Correlation/><Execution ProcessID='0' ThreadID='0'/><Channel>Application</Channel><Computer>PalinDell</Computer><Security/></System><EventData><Data>Aborted connection 249 to db: 'tif_escuela' user: 'cfp8' host: 'localhost' (Got an error reading communication packets)

</Data></EventData></Event><Event xmlns='http://schemas.microsoft.com/win/2004/08/events/event'><System><Provider Name='Microsoft-Windows-DNS-Client' Guid='{1c95126e-7eea-49a9-a3fe-a378b03ddb4d}'/><EventID>1014</EventID><Version>0</Version><Level>3</Level><Task>1014</Task><Opcode>0</Opcode><Keywords>0x4000000010000000</Keywords><TimeCreated SystemTime='2025-11-29T13:15:21.7650155Z'/><EventRecordID>275718</EventRecordID><Correlation/><Execution ProcessID='3488' ThreadID='2772'/><Channel>System</Channel><Computer>PalinDell</Computer><Security UserID='S-1-5-20'/></System><EventData><Data Name='QueryName'>wpad</Data><Data Name='AddressLength'>128</Data><Data Name='Address'>0000000000000000000000000000000000000000000000000000000000000000000000000000000000000000000000000000000000000000000000000000000000000000000000000000000000000000000000000000000000000000000000000000000000000000000000000000000000000000000000000000000000000000</Data></EventData></Event><Event xmlns='http://schemas.microsoft.com/win/2004/08/events/event'><System><Provider Name='Microsoft-Windows-DNS-Client' Guid='{1c95126e-7eea-49a9-a3fe-a378b03ddb4d}'/><EventID>1014</EventID><Version>0</Version><Level>3</Level><Task>1014</Task><Opcode>0</Opcode><Keywords>0x4000000010000000</Keywords><TimeCreated SystemTime='2025-11-29T13:11:19.8300998Z'/><EventRecordID>275712</EventRecordID><Correlation/><Execution ProcessID='3488' ThreadID='23848'/><Channel>System</Channel><Computer>PalinDell</Computer><Security UserID='S-1-5-20'/></System><EventData><Data Name='QueryName'>wpad</Data><Data Name='AddressLength'>128</Data><Data Name='Address'>0000000000000000000000000000000000000000000000000000000000000000000000000000000000000000000000000000000000000000000000000000000000000000000000000000000000000000000000000000000000000000000000000000000000000000000000000000000000000000000000000000000000000000</Data></EventData></Event><Event xmlns='http://schemas.microsoft.com/win/2004/08/events/event'><System><Provider Name='Microsoft-Windows-DNS-Client' Guid='{1c95126e-7eea-49a9-a3fe-a378b03ddb4d}'/><EventID>1014</EventID><Version>0</Version><Level>3</Level><Task>1014</Task><Opcode>0</Opcode><Keywords>0x4000000010000000</Keywords><TimeCreated SystemTime='2025-11-29T13:11:08.4868955Z'/><EventRecordID>275711</EventRecordID><Correlation/><Execution ProcessID='3488' ThreadID='27428'/><Channel>System</Channel><Computer>PalinDell</Computer><Security UserID='S-1-5-20'/></System><EventData><Data Name='QueryName'>wpad</Data><Data Name='AddressLength'>128</Data><Data Name='Address'>0000000000000000000000000000000000000000000000000000000000000000000000000000000000000000000000000000000000000000000000000000000000000000000000000000000000000000000000000000000000000000000000000000000000000000000000000000000000000000000000000000000000000000</Data></EventData></Event><Event xmlns='http://schemas.microsoft.com/win/2004/08/events/event'><System><Provider Name='Microsoft-Windows-DNS-Client' Guid='{1c95126e-7eea-49a9-a3fe-a378b03ddb4d}'/><EventID>1014</EventID><Version>0</Version><Level>3</Level><Task>1014</Task><Opcode>0</Opcode><Keywords>0x4000000010000000</Keywords><TimeCreated SystemTime='2025-11-29T13:10:13.7291467Z'/><EventRecordID>275710</EventRecordID><Correlation/><Execution ProcessID='3488' ThreadID='17516'/><Channel>System</Channel><Computer>PalinDell</Computer><Security UserID='S-1-5-20'/></System><EventData><Data Name='QueryName'>Brother-HL-1210W</Data><Data Name='AddressLength'>128</Data><Data Name='Address'>0000000000000000000000000000000000000000000000000000000000000000000000000000000000000000000000000000000000000000000000000000000000000000000000000000000000000000000000000000000000000000000000000000000000000000000000000000000000000000000000000000000000000000</Data></EventData></Event><Event xmlns='http://schemas.microsoft.com/win/2004/08/events/event'><System><Provider Name='Microsoft-Windows-DistributedCOM' Guid='{1B562E86-B7AA-4131-BADC-B6F3A001407E}' EventSourceName='DCOM'/><EventID Qualifiers='0'>10016</EventID><Version>0</Version><Level>3</Level><Task>0</Task><Opcode>0</Opcode><Keywords>0x8080000000000000</Keywords><TimeCreated SystemTime='2025-11-29T13:06:31.9165631Z'/><EventRecordID>275709</EventRecordID><Correlation ActivityID='{1cf5bfb8-ee8d-4000-be7c-0b00b375c2fd}'/><Execution ProcessID='1336' ThreadID='4020'/><Channel>System</Channel><Computer>PalinDell</Computer><Security UserID='S-1-5-21-2263737040-3265828467-102852021-1001'/></System><EventData><Data Name='param1'>establecido de forma predeterminada en el equipo</Data><Data Name='param2'>Local</Data><Data Name='param3'>Activación</Data><Data Name='param4'>{C2F03A33-21F5-47FA-B4BB-156362A2F239}</Data><Data Name='param5'>{316CDED5-E4AE-4B15-9113-7055D84DCC97}</Data><Data Name='param6'>PALINDELL</Data><Data Name='param7'>Palin</Data><Data Name='param8'>S-1-5-21-2263737040-3265828467-102852021-1001</Data><Data Name='param9'>LocalHost (con LRPC)</Data><Data Name='param10'>Microsoft.Windows.ShellExperienceHost_10.0.19041.5072_neutral_neutral_cw5n1h2txyewy</Data><Data Name='param11'>S-1-15-2-155514346-2573954481-755741238-1654018636-1233331829-3075935687-2861478708</Data></EventData></Event><Event xmlns='http://schemas.microsoft.com/win/2004/08/events/event'><System><Provider Name='Microsoft-Windows-DxgKrnl' Guid='{802ec45a-1e99-4b83-9920-87c98277ba9d}'/><EventID>456</EventID><Version>0</Version><Level>2</Level><Task>274</Task><Opcode>1</Opcode><Keywords>0x800000000000400</Keywords><TimeCreated SystemTime='2025-11-29T13:06:07.9034992Z'/><EventRecordID>22</EventRecordID><Correlation/><Execution ProcessID='4' ThreadID='2644'/><Channel>Microsoft-Windows-DxgKrnl-Admin</Channel><Computer>PalinDell</Computer><Security UserID='S-1-5-18'/></System><EventData><Data Name='pDeviceObject'>0xffffb105f10ef370</Data><Data Name='Message'>Add Device Failed</Data><Data Name='BucketingString'>AMD_AddDeviceDiag</Data><Data Name='DescriptionString'></Data><Data Name='Status'>3221225473</Data></EventData></Event><Event xmlns='http://schemas.microsoft.com/win/2004/08/events/event'><System><Provider Name='Microsoft-Windows-DistributedCOM' Guid='{1B562E86-B7AA-4131-BADC-B6F3A001407E}' EventSourceName='DCOM'/><EventID Qualifiers='0'>10016</EventID><Version>0</Version><Level>3</Level><Task>0</Task><Opcode>0</Opcode><Keywords>0x8080000000000000</Keywords><TimeCreated SystemTime='2025-11-29T13:04:27.9136829Z'/><EventRecordID>275704</EventRecordID><Correlation ActivityID='{301e310a-2a61-4c79-a025-c1e8b1c5626d}'/><Execution ProcessID='1336' ThreadID='31556'/><Channel>System</Channel><Computer>PalinDell</Computer><Security UserID='S-1-5-21-2263737040-3265828467-102852021-1001'/></System><EventData><Data Name='param1'>específico de la aplicación</Data><Data Name='param2'>Local</Data><Data Name='param3'>Activación</Data><Data Name='param4'>{2593F8B9-4EAF-457C-B68A-50F6B8EA6B54}</Data><Data Name='param5'>{15C20B67-12E7-4BB6-92BB-7AFF07997402}</Data><Data Name='param6'>PALINDELL</Data><Data Name='param7'>Palin</Data><Data Name='param8'>S-1-5-21-2263737040-3265828467-102852021-1001</Data><Data Name='param9'>LocalHost (con LRPC)</Data><Data Name='param10'>No disponible</Data><Data Name='param11'>No disponible</Data></EventData></Event><Event xmlns='http://schemas.microsoft.com/win/2004/08/events/event'><System><Provider Name='Microsoft-Windows-DNS-Client' Guid='{1c95126e-7eea-49a9-a3fe-a378b03ddb4d}'/><EventID>1014</EventID><Version>0</Version><Level>3</Level><Task>1014</Task><Opcode>0</Opcode><Keywords>0x4000000010000000</Keywords><TimeCreated SystemTime='2025-11-29T12:43:11.0531982Z'/><EventRecordID>275703</EventRecordID><Correlation/><Execution ProcessID='3488' ThreadID='12816'/><Channel>System</Channel><Computer>PalinDell</Computer><Security UserID='S-1-5-20'/></System><EventData><Data Name='QueryName'>wpad</Data><Data Name='AddressLength'>128</Data><Data Name='Address'>02000000441C920B000000000000000000000000000000000000000000000000000000000000000000000000000000000000000000000000000000000000000000000000000000000000000000000000000000000000000000000000000000000000000000000000000000000000000000000000000000000000000000000000</Data></EventData></Event><Event xmlns='http://schemas.microsoft.com/win/2004/08/events/event'><System><Provider Name='Microsoft-Windows-DNS-Client' Guid='{1c95126e-7eea-49a9-a3fe-a378b03ddb4d}'/><EventID>1014</EventID><Version>0</Version><Level>3</Level><Task>1014</Task><Opcode>0</Opcode><Keywords>0x4000000010000000</Keywords><TimeCreated SystemTime='2025-11-29T12:43:09.9120777Z'/><EventRecordID>275702</EventRecordID><Correlation/><Execution ProcessID='3488' ThreadID='12808'/><Channel>System</Channel><Computer>PalinDell</Computer><Security UserID='S-1-5-20'/></System><EventData><Data Name='QueryName'>wpad</Data><Data Name='AddressLength'>128</Data><Data Name='Address'>02000000441C920B000000000000000000000000000000000000000000000000000000000000000000000000000000000000000000000000000000000000000000000000000000000000000000000000000000000000000000000000000000000000000000000000000000000000000000000000000000000000000000000000</Data></EventData></Event><Event xmlns='http://schemas.microsoft.com/win/2004/08/events/event'><System><Provider Name='rt640x64'/><EventID Qualifiers='32768'>1</EventID><Version>0</Version><Level>3</Level><Task>0</Task><Opcode>0</Opcode><Keywords>0x80000000000000</Keywords><TimeCreated SystemTime='2025-11-29T12:43:08.1615467Z'/><EventRecordID>275695</EventRecordID><Correlation/><Execution ProcessID='4' ThreadID='7920'/><Channel>System</Channel><Computer>PalinDell</Computer><Security/></System><EventData><Data>\Device\NDMP3</Data><Data>Realtek PCIe FE Family Controller</Data><Binary>00000000020030000000000001000080000000000000000000000000000000000000000000000000</Binary></EventData></Event><Event xmlns='http://schemas.microsoft.com/win/2004/08/events/event'><System><Provider Name='Microsoft-Windows-DNS-Client' Guid='{1c95126e-7eea-49a9-a3fe-a378b03ddb4d}'/><EventID>1014</EventID><Version>0</Version><Level>3</Level><Task>1014</Task><Opcode>0</Opcode><Keywords>0x4000000010000000</Keywords><TimeCreated SystemTime='2025-11-29T12:30:28.7982965Z'/><EventRecordID>275685</EventRecordID><Correlation/><Execution ProcessID='3488' ThreadID='17492'/><Channel>System</Channel><Computer>PalinDell</Computer><Security UserID='S-1-5-20'/></System><EventData><Data Name='QueryName'>wpad</Data><Data Name='AddressLength'>128</Data><Data Name='Address'>02000000441C920B000000000000000000000000000000000000000000000000000000000000000000000000000000000000000000000000000000000000000000000000000000000000000000000000000000000000000000000000000000000000000000000000000000000000000000000000000000000000000000000000</Data></EventData></Event><Event xmlns='http://schemas.microsoft.com/win/2004/08/events/event'><System><Provider Name='rt640x64'/><EventID Qualifiers='32768'>1</EventID><Version>0</Version><Level>3</Level><Task>0</Task><Opcode>0</Opcode><Keywords>0x80000000000000</Keywords><TimeCreated SystemTime='2025-11-29T12:30:27.1148710Z'/><EventRecordID>275682</EventRecordID><Correlation/><Execution ProcessID='4' ThreadID='8860'/><Channel>System</Channel><Computer>PalinDell</Computer><Security/></System><EventData><Data>\Device\NDMP3</Data><Data>Realtek PCIe FE Family Controller</Data><Binary>00000000020030000000000001000080000000000000000000000000000000000000000000000000</Binary></EventData></Event><Event xmlns='http://schemas.microsoft.com/win/2004/08/events/event'><System><Provider Name='Microsoft-Windows-DNS-Client' Guid='{1c95126e-7eea-49a9-a3fe-a378b03ddb4d}'/><EventID>1014</EventID><Version>0</Version><Level>3</Level><Task>1014</Task><Opcode>0</Opcode><Keywords>0x4000000010000000</Keywords><TimeCreated SystemTime='2025-11-29T12:22:18.8580081Z'/><EventRecordID>275676</EventRecordID><Correlation/><Execution ProcessID='3488' ThreadID='32328'/><Channel>System</Channel><Computer>PalinDell</Computer><Security UserID='S-1-5-20'/></System><EventData><Data Name='QueryName'>Brother-HL-1210W</Data><Data Name='AddressLength'>128</Data><Data Name='Address'>02000000441C920B000000000000000000000000000000000000000000000000000000000000000000000000000000000000000000000000000000000000000000000000000000000000000000000000000000000000000000000000000000000000000000000000000000000000000000000000000000000000000000000000</Data></EventData></Event><Event xmlns='http://schemas.microsoft.com/win/2004/08/events/event'><System><Provider Name='Microsoft-Windows-DNS-Client' Guid='{1c95126e-7eea-49a9-a3fe-a378b03ddb4d}'/><EventID>1014</EventID><Version>0</Version><Level>3</Level><Task>1014</Task><Opcode>0</Opcode><Keywords>0x4000000010000000</Keywords><TimeCreated SystemTime='2025-11-29T12:22:14.2555132Z'/><EventRecordID>275675</EventRecordID><Correlation/><Execution ProcessID='3488' ThreadID='24064'/><Channel>System</Channel><Computer>PalinDell</Computer><Security UserID='S-1-5-20'/></System><EventData><Data Name='QueryName'>wpad</Data><Data Name='AddressLength'>128</Data><Data Name='Address'>02000000441C920B000000000000000000000000000000000000000000000000000000000000000000000000000000000000000000000000000000000000000000000000000000000000000000000000000000000000000000000000000000000000000000000000000000000000000000000000000000000000000000000000</Data></EventData></Event>