<Event xmlns='http://schemas.microsoft.com/win/2004/08/events/event'><System><Provider Name='Microsoft-Windows-DNS-Client' Guid='{1c95126e-7eea-49a9-a3fe-a378b03ddb4d}'/><EventID>1014</EventID><Version>0</Version><Level>3</Level><Task>1014</Task><Opcode>0</Opcode><Keywords>0x4000000010000000</Keywords><TimeCreated SystemTime='2025-11-29T12:22:13.2202495Z'/><EventRecordID>275668</EventRecordID><Correlation/><Execution ProcessID='3488' ThreadID='32028'/><Channel>System</Channel><Computer>PalinDell</Computer><Security UserID='S-1-5-20'/></System><EventData><Data Name='QueryName'>wpad</Data><Data Name='AddressLength'>128</Data><Data Name='Address'>02000000441C920B000000000000000000000000000000000000000000000000000000000000000000000000000000000000000000000000000000000000000000000000000000000000000000000000000000000000000000000000000000000000000000000000000000000000000000000000000000000000000000000000</Data></EventData></Event><Event xmlns='http://schemas.microsoft.com/win/2004/08/events/event'><System><Provider Name='rt640x64'/><EventID Qualifiers='32768'>1</EventID><Version>0</Version><Level>3</Level><Task>0</Task><Opcode>0</Opcode><Keywords>0x80000000000000</Keywords><TimeCreated SystemTime='2025-11-29T12:22:13.1661199Z'/><EventRecordID>275667</EventRecordID><Correlation/><Execution ProcessID='4' ThreadID='8860'/><Channel>System</Channel><Computer>PalinDell</Computer><Security/></System><EventData><Data>\Device\NDMP3</Data><Data>Realtek PCIe FE Family Controller</Data><Binary>00000000020030000000000001000080000000000000000000000000000000000000000000000000</Binary></EventData></Event><Event xmlns='http://schemas.microsoft.com/win/2004/08/events/event'><System><Provider Name='storahci'/><EventID Qualifiers='32772'>129</EventID><Version>0</Version><Level>3</Level><Task>0</Task><Opcode>0</Opcode><Keywords>0x80000000000000</Keywords><TimeCreated SystemTime='2025-11-29T11:41:33.2189200Z'/><EventRecordID>275661</EventRecordID><Correlation/><Execution ProcessID='4' ThreadID='8860'/><Channel>System</Channel><Computer>PalinDell</Computer><Security/></System><EventData><Data>\Device\RaidPort0</Data><Binary>0F001800010000000000000081000480010000000000000000000000000000000000000000000000000000000000000000000000810004800000000000000000</Binary></EventData></Event><Event xmlns='http://schemas.microsoft.com/win/2004/08/events/event'><System><Provider Name='Microsoft-Windows-DNS-Client' Guid='{1c95126e-7eea-49a9-a3fe-a378b03ddb4d}'/><EventID>1014</EventID><Version>0</Version><Level>3</Level><Task>1014</Task><Opcode>0</Opcode><Keywords>0x4000000010000000</Keywords><TimeCreated SystemTime='2025-11-29T11:41:05.8106502Z'/><EventRecordID>275660</EventRecordID><Correlation/><Execution ProcessID='3488' ThreadID='20424'/><Channel>System</Channel><Computer>PalinDell</Computer><Security UserID='S-1-5-20'/></System><EventData><Data Name='QueryName'>Brother-HL-1210W</Data><Data Name='AddressLength'>128</Data><Data Name='Address'>02000000441C920B000000000000000000000000000000000000000000000000000000000000000000000000000000000000000000000000000000000000000000000000000000000000000000000000000000000000000000000000000000000000000000000000000000000000000000000000000000000000000000000000</Data></EventData></Event><Event xmlns='http://schemas.microsoft.com/win/2004/08/events/event'><System><Provider Name='Microsoft-Windows-DNS-Client' Guid='{1c95126e-7eea-49a9-a3fe-a378b03ddb4d}'/><EventID>1014</EventID><Version>0</Version><Level>3</Level><Task>1014</Task><Opcode>0</Opcode><Keywords>0x4000000010000000</Keywords><TimeCreated SystemTime='2025-11-29T11:40:57.8392979Z'/><EventRecordID>275659</EventRecordID><Correlation/><Execution ProcessID='3488' ThreadID='21536'/><Channel>System</Channel><Computer>PalinDell</Computer><Security UserID='S-1-5-20'/></System><EventData><Data Name='QueryName'>ping.avast.com</Data><Data Name='AddressLength'>128</Data><Data Name='Address'>02000000441C920B000000000000000000000000000000000000000000000000000000000000000000000000000000000000000000000000000000000000000000000000000000000000000000000000000000000000000000000000000000000000000000000000000000000000000000000000000000000000000000000000</Data></EventData></Event><Event xmlns='http://schemas.microsoft.com/win/2004/08/events/event'><System><Provider Name='Microsoft-Windows-DNS-Client' Guid='{1c95126e-7eea-49a9-a3fe-a378b03ddb4d}'/><EventID>1014</EventID><Version>0</Version><Level>3</Level><Task>1014</Task><Opcode>0</Opcode><Keywords>0x4000000010000000</Keywords><TimeCreated SystemTime='2025-11-29T11:40:42.1369871Z'/><EventRecordID>275657</EventRecordID><Correlation/><Execution ProcessID='3488' ThreadID='18620'/><Channel>System</Channel><Computer>PalinDell</Computer><Security UserID='S-1-5-20'/></System><EventData><Data Name='QueryName'>wpad</Data><Data Name='AddressLength'>128</Data><Data Name='Address'>02000000BA8280FA000000000000000000000000000000000000000000000000000000000000000000000000000000000000000000000000000000000000000000000000000000000000000000000000000000000000000000000000000000000000000000000000000000000000000000000000000000000000000000000000</Data></EventData></Event><Event xmlns='http://schemas.microsoft.com/win/2004/08/events/event'><System><Provider Name='Microsoft-Windows-DNS-Client' Guid='{1c95126e-7eea-49a9-a3fe-a378b03ddb4d}'/><EventID>1014</EventID><Version>0</Version><Level>3</Level><Task>1014</Task><Opcode>0</Opcode><Keywords>0x4000000010000000</Keywords><TimeCreated SystemTime='2025-11-29T11:40:39.8364223Z'/><EventRecordID>275656</EventRecordID><Correlation/><Execution ProcessID='3488' ThreadID='10476'/><Channel>System</Channel><Computer>PalinDell</Computer><Security UserID='S-1-5-20'/></System><EventData><Data Name='QueryName'>wpad</Data><Data Name='AddressLength'>128</Data><Data Name='Address'>02000000BA8280FA000000000000000000000000000000000000000000000000000000000000000000000000000000000000000000000000000000000000000000000000000000000000000000000000000000000000000000000000000000000000000000000000000000000000000000000000000000000000000000000000</Data></EventData></Event><Event xmlns='http://schemas.microsoft.com/win/2004/08/events/event'><System><Provider Name='Microsoft-Windows-DNS-Client' Guid='{1c95126e-7eea-49a9-a3fe-a378b03ddb4d}'/><EventID>1014</EventID><Version>0</Version><Level>3</Level><Task>1014</Task><Opcode>0</Opcode><Keywords>0x4000000010000000</Keywords><TimeCreated SystemTime='2025-11-29T11:40:38.1214082Z'/><EventRecordID>275655</EventRecordID><Correlation/><Execution ProcessID='3488' ThreadID='32672'/><Channel>System</Channel><Computer>PalinDell</Computer><Security UserID='S-1-5-20'/></System><EventData><Data Name='QueryName'>wpad</Data><Data Name='AddressLength'>128</Data><Data Name='Address'>020000006478C801000000000000000000000000000000000000000000000000000000000000000000000000000000000000000000000000000000000000000000000000000000000000000000000000000000000000000000000000000000000000000000000000000000000000000000000000000000000000000000000000</Data></EventData></Event><Event xmlns='http://schemas.microsoft.com/win/2004/08/events/event'><System><Provider Name='rt640x64'/><EventID Qualifiers='32768'>1</EventID><Version>0</Version><Level>3</Level><Task>0</Task><Opcode>0</Opcode><Keywords>0x80000000000000</Keywords><TimeCreated SystemTime='2025-11-29T11:40:35.6103256Z'/><EventRecordID>275643</EventRecordID><Correlation/><Execution ProcessID='4' ThreadID='19008'/><Channel>System</Channel><Computer>PalinDell</Computer><Security/></System><EventData><Data>\Device\NDMP3</Data><Data>Realtek PCIe FE Family Controller</Data><Binary>00000000020030000000000001000080000000000000000000000000000000000000000000000000</Binary></EventData></Event><Event xmlns='http://schemas.microsoft.com/win/2004/08/events/event'><System><Provider Name='MariaDB'/><EventID Qualifiers='49152'>100</EventID><Version>0</Version><Level>3</Level><Task>0</Task><Opcode>0</Opcode><Keywords>0x80000000000000</Keywords><TimeCreated SystemTime='2025-11-29T11:40:35.4372665Z'/><EventRecordID>131849</EventRecordID><Correlation/><Execution ProcessID='0' ThreadID='0'/><Channel>Application</Channel><Computer>PalinDell</Computer><Security/></System><EventData><Data>Aborted connection 66 to db: 'tif_escuela' user: 'cfp8' host: 'localhost' (Got timeout reading communication packets)

</Data></EventData></Event></Events>